<?xml version="1.0" encoding="UTF-8"?>
<robot generator="Robot 7.4.2 (Python 3.13.13 on win32)" generated="2026-04-25T21:03:54.900333" rpa="false" schemaversion="5">
<suite id="s1" name="Preenchimento Correto" source="C:\Users\Karoll\Desktop\curso-robot\testes\preenchimento_correto.robot">
<test id="s1-t1" name="Verificar se ao preencher corretamente o formulário os dados são inseridos corretamente na lista e se um novo card é criado no time escolhido" line="8">
<kw name="Dado que eu acesse o Organo" owner="setup_teardown" type="SETUP">
<kw name="Open Browser" owner="SeleniumLibrary">
<msg time="2026-04-25T21:03:55.531989" level="INFO">Opening browser 'Chrome' to base url 'http://localhost:3001/'.</msg>
<arg>url=http://localhost:3001/</arg>
<arg>browser=Chrome</arg>
<doc>Opens a new browser instance to the optional ``url``.</doc>
<status status="PASS" start="2026-04-25T21:03:55.531783" elapsed="1.228914"/>
</kw>
<status status="PASS" start="2026-04-25T21:03:55.530804" elapsed="1.230138"/>
</kw>
<kw name="Dado que eu preencha os campos do formulário" owner="cadastro">
<kw name="First Name" owner="FakerLibrary">
<msg time="2026-04-25T21:03:56.762488" level="INFO">${Nome} = Ravi Lucca</msg>
<var>${Nome}</var>
<status status="PASS" start="2026-04-25T21:03:56.762184" elapsed="0.000353"/>
</kw>
<kw name="Input Text" owner="SeleniumLibrary">
<msg time="2026-04-25T21:03:56.763213" level="INFO">Typing text 'Ravi Lucca' into text field 'id:form-nome'.</msg>
<arg>${CAMPO_NOME}</arg>
<arg>${Nome}</arg>
<doc>Types the given ``text`` into the text field identified by ``locator``.</doc>
<status status="PASS" start="2026-04-25T21:03:56.762712" elapsed="0.133451"/>
</kw>
<kw name="Job" owner="FakerLibrary">
<msg time="2026-04-25T21:03:56.896724" level="INFO">${Cargo} = Engenheiro de processos</msg>
<var>${Cargo}</var>
<status status="PASS" start="2026-04-25T21:03:56.896422" elapsed="0.000344"/>
</kw>
<kw name="Input Text" owner="SeleniumLibrary">
<msg time="2026-04-25T21:03:56.897148" level="INFO">Typing text 'Engenheiro de processos' into text field 'id:form-cargo'.</msg>
<arg>${CAMPO_CARGO}</arg>
<arg>${Cargo}</arg>
<doc>Types the given ``text`` into the text field identified by ``locator``.</doc>
<status status="PASS" start="2026-04-25T21:03:56.896903" elapsed="0.124067"/>
</kw>
<kw name="Image Url" owner="FakerLibrary">
<msg time="2026-04-25T21:03:57.021599" level="INFO">${Imagem} = https://placekittens.com/200/100</msg>
<var>${Imagem}</var>
<arg>width=200</arg>
<arg>height=100</arg>
<doc>Returns URL to placeholder image
Example: http://placehold.it/640x480</doc>
<status status="PASS" start="2026-04-25T21:03:57.021199" elapsed="0.000432"/>
</kw>
<kw name="Input Text" owner="SeleniumLibrary">
<msg time="2026-04-25T21:03:57.021972" level="INFO">Typing text 'https://placekittens.com/200/100' into text field 'id:form-imagem'.</msg>
<arg>${CAMPO_IMAGEM}</arg>
<arg>${Imagem}</arg>
<doc>Types the given ``text`` into the text field identified by ``locator``.</doc>
<status status="PASS" start="2026-04-25T21:03:57.021760" elapsed="0.132371"/>
</kw>
<kw name="Click Element" owner="SeleniumLibrary">
<msg time="2026-04-25T21:03:57.154757" level="INFO">Clicking element 'class:lista-suspensa'.</msg>
<arg>${CAMPO_TIME}</arg>
<doc>Click the element identified by ``locator``.</doc>
<status status="PASS" start="2026-04-25T21:03:57.154384" elapsed="0.096530"/>
</kw>
<kw name="Click Element" owner="SeleniumLibrary">
<msg time="2026-04-25T21:03:57.251596" level="INFO">Clicking element '//option[contains(.,'Programação')]'.</msg>
<arg>${selecionar_time}[0]</arg>
<doc>Click the element identified by ``locator``.</doc>
<status status="PASS" start="2026-04-25T21:03:57.251202" elapsed="0.040537"/>
</kw>
<status status="PASS" start="2026-04-25T21:03:56.761597" elapsed="0.530259"/>
</kw>
<kw name="E clique no botão &quot;Criar Card&quot;" owner="cadastro">
<kw name="Click Element" owner="SeleniumLibrary">
<msg time="2026-04-25T21:03:57.292611" level="INFO">Clicking element 'id:form-botao'.</msg>
<arg>${BOTAO_CARD}</arg>
<doc>Click the element identified by ``locator``.</doc>
<status status="PASS" start="2026-04-25T21:03:57.292419" elapsed="0.135080"/>
</kw>
<status status="PASS" start="2026-04-25T21:03:57.292158" elapsed="0.135461"/>
</kw>
<kw name="Então identificar o card no time esperado" owner="cadastro">
<kw name="Element Should Be Visible" owner="SeleniumLibrary">
<msg time="2026-04-25T21:03:57.449370" level="INFO">Element 'class:colaborador' is displayed.</msg>
<arg>class:colaborador</arg>
<doc>Verifies that the element identified by ``locator`` is visible.</doc>
<status status="PASS" start="2026-04-25T21:03:57.428429" elapsed="0.021034"/>
</kw>
<status status="PASS" start="2026-04-25T21:03:57.428117" elapsed="0.021436"/>
</kw>
<kw name="Fechar o navegador" owner="setup_teardown" type="TEARDOWN">
<kw name="Close Browser" owner="SeleniumLibrary">
<doc>Closes the current browser.</doc>
<status status="PASS" start="2026-04-25T21:03:57.450335" elapsed="2.126916"/>
</kw>
<status status="PASS" start="2026-04-25T21:03:57.450019" elapsed="2.127427"/>
</kw>
<status status="PASS" start="2026-04-25T21:03:55.529388" elapsed="4.048330"/>
</test>
<test id="s1-t2" name="Verificar se é possivel criar mais de um card se preenchermos os campos corretamente" line="13">
<kw name="Dado que eu acesse o Organo" owner="setup_teardown" type="SETUP">
<kw name="Open Browser" owner="SeleniumLibrary">
<msg time="2026-04-25T21:03:59.580727" level="INFO">Opening browser 'Chrome' to base url 'http://localhost:3001/'.</msg>
<arg>url=http://localhost:3001/</arg>
<arg>browser=Chrome</arg>
<doc>Opens a new browser instance to the optional ``url``.</doc>
<status status="PASS" start="2026-04-25T21:03:59.580527" elapsed="1.149691"/>
</kw>
<status status="PASS" start="2026-04-25T21:03:59.580136" elapsed="1.150282"/>
</kw>
<kw name="Dado que eu preencha os campos do formulário" owner="cadastro">
<kw name="First Name" owner="FakerLibrary">
<msg time="2026-04-25T21:04:00.731643" level="INFO">${Nome} = Maria Julia</msg>
<var>${Nome}</var>
<status status="PASS" start="2026-04-25T21:04:00.731440" elapsed="0.000272"/>
</kw>
<kw name="Input Text" owner="SeleniumLibrary">
<msg time="2026-04-25T21:04:00.732146" level="INFO">Typing text 'Maria Julia' into text field 'id:form-nome'.</msg>
<arg>${CAMPO_NOME}</arg>
<arg>${Nome}</arg>
<doc>Types the given ``text`` into the text field identified by ``locator``.</doc>
<status status="PASS" start="2026-04-25T21:04:00.731864" elapsed="0.146556"/>
</kw>
<kw name="Job" owner="FakerLibrary">
<msg time="2026-04-25T21:04:00.878868" level="INFO">${Cargo} = Pedagogo</msg>
<var>${Cargo}</var>
<status status="PASS" start="2026-04-25T21:04:00.878630" elapsed="0.000270"/>
</kw>
<kw name="Input Text" owner="SeleniumLibrary">
<msg time="2026-04-25T21:04:00.879270" level="INFO">Typing text 'Pedagogo' into text field 'id:form-cargo'.</msg>
<arg>${CAMPO_CARGO}</arg>
<arg>${Cargo}</arg>
<doc>Types the given ``text`` into the text field identified by ``locator``.</doc>
<status status="PASS" start="2026-04-25T21:04:00.879023" elapsed="0.114344"/>
</kw>
<kw name="Image Url" owner="FakerLibrary">
<msg time="2026-04-25T21:04:00.994172" level="INFO">${Imagem} = https://placekittens.com/200/100</msg>
<var>${Imagem}</var>
<arg>width=200</arg>
<arg>height=100</arg>
<doc>Returns URL to placeholder image
Example: http://placehold.it/640x480</doc>
<status status="PASS" start="2026-04-25T21:04:00.993573" elapsed="0.000653"/>
</kw>
<kw name="Input Text" owner="SeleniumLibrary">
<msg time="2026-04-25T21:04:00.994984" level="INFO">Typing text 'https://placekittens.com/200/100' into text field 'id:form-imagem'.</msg>
<arg>${CAMPO_IMAGEM}</arg>
<arg>${Imagem}</arg>
<doc>Types the given ``text`` into the text field identified by ``locator``.</doc>
<status status="PASS" start="2026-04-25T21:04:00.994525" elapsed="0.145005"/>
</kw>
<kw name="Click Element" owner="SeleniumLibrary">
<msg time="2026-04-25T21:04:01.140275" level="INFO">Clicking element 'class:lista-suspensa'.</msg>
<arg>${CAMPO_TIME}</arg>
<doc>Click the element identified by ``locator``.</doc>
<status status="PASS" start="2026-04-25T21:04:01.139880" elapsed="0.094637"/>
</kw>
<kw name="Click Element" owner="SeleniumLibrary">
<msg time="2026-04-25T21:04:01.235034" level="INFO">Clicking element '//option[contains(.,'Programação')]'.</msg>
<arg>${selecionar_time}[0]</arg>
<doc>Click the element identified by ``locator``.</doc>
<status status="PASS" start="2026-04-25T21:04:01.234713" elapsed="0.044755"/>
</kw>
<status status="PASS" start="2026-04-25T21:04:00.731024" elapsed="0.548564"/>
</kw>
<kw name="E clique no botão &quot;Criar Card&quot;" owner="cadastro">
<kw name="Click Element" owner="SeleniumLibrary">
<msg time="2026-04-25T21:04:01.280596" level="INFO">Clicking element 'id:form-botao'.</msg>
<arg>${BOTAO_CARD}</arg>
<doc>Click the element identified by ``locator``.</doc>
<status status="PASS" start="2026-04-25T21:04:01.280407" elapsed="0.111142"/>
</kw>
<status status="PASS" start="2026-04-25T21:04:01.280095" elapsed="0.111563"/>
</kw>
<kw name="Então identificar 3 cards no time esperado" owner="cadastro">
<for flavor="IN RANGE">
<iter>
<kw name="Dado que eu preencha os campos do formulário" owner="cadastro">
<kw name="First Name" owner="FakerLibrary">
<msg time="2026-04-25T21:04:01.393441" level="INFO">${Nome} = Dante</msg>
<var>${Nome}</var>
<status status="PASS" start="2026-04-25T21:04:01.393289" elapsed="0.000182"/>
</kw>
<kw name="Input Text" owner="SeleniumLibrary">
<msg time="2026-04-25T21:04:01.393785" level="INFO">Typing text 'Dante' into text field 'id:form-nome'.</msg>
<arg>${CAMPO_NOME}</arg>
<arg>${Nome}</arg>
<doc>Types the given ``text`` into the text field identified by ``locator``.</doc>
<status status="PASS" start="2026-04-25T21:04:01.393590" elapsed="0.097964"/>
</kw>
<kw name="Job" owner="FakerLibrary">
<msg time="2026-04-25T21:04:01.492144" level="INFO">${Cargo} = Copeiro</msg>
<var>${Cargo}</var>
<status status="PASS" start="2026-04-25T21:04:01.491829" elapsed="0.000370"/>
</kw>
<kw name="Input Text" owner="SeleniumLibrary">
<msg time="2026-04-25T21:04:01.492736" level="INFO">Typing text 'Copeiro' into text field 'id:form-cargo'.</msg>
<arg>${CAMPO_CARGO}</arg>
<arg>${Cargo}</arg>
<doc>Types the given ``text`` into the text field identified by ``locator``.</doc>
<status status="PASS" start="2026-04-25T21:04:01.492388" elapsed="0.094302"/>
</kw>
<kw name="Image Url" owner="FakerLibrary">
<msg time="2026-04-25T21:04:01.587373" level="INFO">${Imagem} = https://dummyimage.com/200x100</msg>
<var>${Imagem}</var>
<arg>width=200</arg>
<arg>height=100</arg>
<doc>Returns URL to placeholder image
Example: http://placehold.it/640x480</doc>
<status status="PASS" start="2026-04-25T21:04:01.586939" elapsed="0.000496"/>
</kw>
<kw name="Input Text" owner="SeleniumLibrary">
<msg time="2026-04-25T21:04:01.587916" level="INFO">Typing text 'https://dummyimage.com/200x100' into text field 'id:form-imagem'.</msg>
<arg>${CAMPO_IMAGEM}</arg>
<arg>${Imagem}</arg>
<doc>Types the given ``text`` into the text field identified by ``locator``.</doc>
<status status="PASS" start="2026-04-25T21:04:01.587639" elapsed="0.118100"/>
</kw>
<kw name="Click Element" owner="SeleniumLibrary">
<msg time="2026-04-25T21:04:01.706204" level="INFO">Clicking element 'class:lista-suspensa'.</msg>
<arg>${CAMPO_TIME}</arg>
<doc>Click the element identified by ``locator``.</doc>
<status status="PASS" start="2026-04-25T21:04:01.705965" elapsed="0.084324"/>
</kw>
<kw name="Click Element" owner="SeleniumLibrary">
<msg time="2026-04-25T21:04:01.790732" level="INFO">Clicking element '//option[contains(.,'Programação')]'.</msg>
<arg>${selecionar_time}[0]</arg>
<doc>Click the element identified by ``locator``.</doc>
<status status="PASS" start="2026-04-25T21:04:01.790515" elapsed="0.033819"/>
</kw>
<status status="PASS" start="2026-04-25T21:04:01.393081" elapsed="0.431433"/>
</kw>
<kw name="E clique no botão &quot;Criar Card&quot;" owner="cadastro">
<kw name="Click Element" owner="SeleniumLibrary">
<msg time="2026-04-25T21:04:01.825179" level="INFO">Clicking element 'id:form-botao'.</msg>
<arg>${BOTAO_CARD}</arg>
<doc>Click the element identified by ``locator``.</doc>
<status status="PASS" start="2026-04-25T21:04:01.824997" elapsed="0.069239"/>
</kw>
<status status="PASS" start="2026-04-25T21:04:01.824750" elapsed="0.069595"/>
</kw>
<var name="${i}">1</var>
<status status="PASS" start="2026-04-25T21:04:01.392923" elapsed="0.501456"/>
</iter>
<iter>
<kw name="Dado que eu preencha os campos do formulário" owner="cadastro">
<kw name="First Name" owner="FakerLibrary">
<msg time="2026-04-25T21:04:01.895010" level="INFO">${Nome} = Benjamim</msg>
<var>${Nome}</var>
<status status="PASS" start="2026-04-25T21:04:01.894880" elapsed="0.000156"/>
</kw>
<kw name="Input Text" owner="SeleniumLibrary">
<msg time="2026-04-25T21:04:01.895313" level="INFO">Typing text 'Benjamim' into text field 'id:form-nome'.</msg>
<arg>${CAMPO_NOME}</arg>
<arg>${Nome}</arg>
<doc>Types the given ``text`` into the text field identified by ``locator``.</doc>
<status status="PASS" start="2026-04-25T21:04:01.895127" elapsed="0.120618"/>
</kw>
<kw name="Job" owner="FakerLibrary">
<msg time="2026-04-25T21:04:02.016326" level="INFO">${Cargo} = Tabelião</msg>
<var>${Cargo}</var>
<status status="PASS" start="2026-04-25T21:04:02.015984" elapsed="0.000393"/>
</kw>
<kw name="Input Text" owner="SeleniumLibrary">
<msg time="2026-04-25T21:04:02.016867" level="INFO">Typing text 'Tabelião' into text field 'id:form-cargo'.</msg>
<arg>${CAMPO_CARGO}</arg>
<arg>${Cargo}</arg>
<doc>Types the given ``text`` into the text field identified by ``locator``.</doc>
<status status="PASS" start="2026-04-25T21:04:02.016595" elapsed="0.093447"/>
</kw>
<kw name="Image Url" owner="FakerLibrary">
<msg time="2026-04-25T21:04:02.110537" level="INFO">${Imagem} = https://picsum.photos/200/100</msg>
<var>${Imagem}</var>
<arg>width=200</arg>
<arg>height=100</arg>
<doc>Returns URL to placeholder image
Example: http://placehold.it/640x480</doc>
<status status="PASS" start="2026-04-25T21:04:02.110245" elapsed="0.000320"/>
</kw>
<kw name="Input Text" owner="SeleniumLibrary">
<msg time="2026-04-25T21:04:02.110864" level="INFO">Typing text 'https://picsum.photos/200/100' into text field 'id:form-imagem'.</msg>
<arg>${CAMPO_IMAGEM}</arg>
<arg>${Imagem}</arg>
<doc>Types the given ``text`` into the text field identified by ``locator``.</doc>
<status status="PASS" start="2026-04-25T21:04:02.110682" elapsed="0.130892"/>
</kw>
<kw name="Click Element" owner="SeleniumLibrary">
<msg time="2026-04-25T21:04:02.242219" level="INFO">Clicking element 'class:lista-suspensa'.</msg>
<arg>${CAMPO_TIME}</arg>
<doc>Click the element identified by ``locator``.</doc>
<status status="PASS" start="2026-04-25T21:04:02.241859" elapsed="0.088562"/>
</kw>
<kw name="Click Element" owner="SeleniumLibrary">
<msg time="2026-04-25T21:04:02.330953" level="INFO">Clicking element '//option[contains(.,'Programação')]'.</msg>
<arg>${selecionar_time}[0]</arg>
<doc>Click the element identified by ``locator``.</doc>
<status status="PASS" start="2026-04-25T21:04:02.330683" elapsed="0.031086"/>
</kw>
<status status="PASS" start="2026-04-25T21:04:01.894681" elapsed="0.467196"/>
</kw>
<kw name="E clique no botão &quot;Criar Card&quot;" owner="cadastro">
<kw name="Click Element" owner="SeleniumLibrary">
<msg time="2026-04-25T21:04:02.362554" level="INFO">Clicking element 'id:form-botao'.</msg>
<arg>${BOTAO_CARD}</arg>
<doc>Click the element identified by ``locator``.</doc>
<status status="PASS" start="2026-04-25T21:04:02.362362" elapsed="0.068766"/>
</kw>
<status status="PASS" start="2026-04-25T21:04:02.362099" elapsed="0.069238"/>
</kw>
<var name="${i}">2</var>
<status status="PASS" start="2026-04-25T21:04:01.894517" elapsed="0.536890"/>
</iter>
<var>${i}</var>
<value>1</value>
<value>3</value>
<status status="PASS" start="2026-04-25T21:04:01.392726" elapsed="1.038784"/>
</for>
<kw name="Sleep" owner="BuiltIn">
<msg time="2026-04-25T21:04:12.432575" level="INFO">Slept 10 seconds.</msg>
<arg>10s</arg>
<doc>Pauses the test executed for the given time.</doc>
<status status="PASS" start="2026-04-25T21:04:02.431741" elapsed="10.001176"/>
</kw>
<status status="PASS" start="2026-04-25T21:04:01.392394" elapsed="11.040684"/>
</kw>
<kw name="Fechar o navegador" owner="setup_teardown" type="TEARDOWN">
<kw name="Close Browser" owner="SeleniumLibrary">
<doc>Closes the current browser.</doc>
<status status="PASS" start="2026-04-25T21:04:12.434176" elapsed="2.168114"/>
</kw>
<status status="PASS" start="2026-04-25T21:04:12.433744" elapsed="2.168787"/>
</kw>
<status status="PASS" start="2026-04-25T21:03:59.578860" elapsed="15.023922"/>
</test>
<test id="s1-t3" name="Verificar se é possível criar um card para cada time se preenchermos os campos corretamente" line="18">
<kw name="Dado que eu acesse o Organo" owner="setup_teardown" type="SETUP">
<kw name="Open Browser" owner="SeleniumLibrary">
<msg time="2026-04-25T21:04:14.605690" level="INFO">Opening browser 'Chrome' to base url 'http://localhost:3001/'.</msg>
<arg>url=http://localhost:3001/</arg>
<arg>browser=Chrome</arg>
<doc>Opens a new browser instance to the optional ``url``.</doc>
<status status="PASS" start="2026-04-25T21:04:14.605505" elapsed="1.210113"/>
</kw>
<status status="PASS" start="2026-04-25T21:04:14.604938" elapsed="1.210897"/>
</kw>
<kw name="Dado que eu preencha os campos do formulário" owner="cadastro">
<kw name="First Name" owner="FakerLibrary">
<msg time="2026-04-25T21:04:15.817905" level="INFO">${Nome} = Hadassa</msg>
<var>${Nome}</var>
<status status="PASS" start="2026-04-25T21:04:15.817526" elapsed="0.000452"/>
</kw>
<kw name="Input Text" owner="SeleniumLibrary">
<msg time="2026-04-25T21:04:15.818673" level="INFO">Typing text 'Hadassa' into text field 'id:form-nome'.</msg>
<arg>${CAMPO_NOME}</arg>
<arg>${Nome}</arg>
<doc>Types the given ``text`` into the text field identified by ``locator``.</doc>
<status status="PASS" start="2026-04-25T21:04:15.818252" elapsed="0.138346"/>
</kw>
<kw name="Job" owner="FakerLibrary">
<msg time="2026-04-25T21:04:15.957382" level="INFO">${Cargo} = Ecólogo</msg>
<var>${Cargo}</var>
<status status="PASS" start="2026-04-25T21:04:15.956929" elapsed="0.000510"/>
</kw>
<kw name="Input Text" owner="SeleniumLibrary">
<msg time="2026-04-25T21:04:15.958110" level="INFO">Typing text 'Ecólogo' into text field 'id:form-cargo'.</msg>
<arg>${CAMPO_CARGO}</arg>
<arg>${Cargo}</arg>
<doc>Types the given ``text`` into the text field identified by ``locator``.</doc>
<status status="PASS" start="2026-04-25T21:04:15.957677" elapsed="0.108292"/>
</kw>
<kw name="Image Url" owner="FakerLibrary">
<msg time="2026-04-25T21:04:16.067025" level="INFO">${Imagem} = https://picsum.photos/200/100</msg>
<var>${Imagem}</var>
<arg>width=200</arg>
<arg>height=100</arg>
<doc>Returns URL to placeholder image
Example: http://placehold.it/640x480</doc>
<status status="PASS" start="2026-04-25T21:04:16.066454" elapsed="0.000617"/>
</kw>
<kw name="Input Text" owner="SeleniumLibrary">
<msg time="2026-04-25T21:04:16.067507" level="INFO">Typing text 'https://picsum.photos/200/100' into text field 'id:form-imagem'.</msg>
<arg>${CAMPO_IMAGEM}</arg>
<arg>${Imagem}</arg>
<doc>Types the given ``text`` into the text field identified by ``locator``.</doc>
<status status="PASS" start="2026-04-25T21:04:16.067253" elapsed="0.132737"/>
</kw>
<kw name="Click Element" owner="SeleniumLibrary">
<msg time="2026-04-25T21:04:16.200365" level="INFO">Clicking element 'class:lista-suspensa'.</msg>
<arg>${CAMPO_TIME}</arg>
<doc>Click the element identified by ``locator``.</doc>
<status status="PASS" start="2026-04-25T21:04:16.200162" elapsed="0.087622"/>
</kw>
<kw name="Click Element" owner="SeleniumLibrary">
<msg time="2026-04-25T21:04:16.288381" level="INFO">Clicking element '//option[contains(.,'Programação')]'.</msg>
<arg>${selecionar_time}[0]</arg>
<doc>Click the element identified by ``locator``.</doc>
<status status="PASS" start="2026-04-25T21:04:16.288025" elapsed="0.042791"/>
</kw>
<status status="PASS" start="2026-04-25T21:04:15.816901" elapsed="0.514029"/>
</kw>
<kw name="Então criar card e identificar 1 card em cada time disponível" owner="cadastro">
<for flavor="IN ENUMERATE">
<iter>
<kw name="Dado que eu preencha os campos do formulário" owner="cadastro">
<kw name="First Name" owner="FakerLibrary">
<msg time="2026-04-25T21:04:16.332172" level="INFO">${Nome} = João Felipe</msg>
<var>${Nome}</var>
<status status="PASS" start="2026-04-25T21:04:16.332035" elapsed="0.000164"/>
</kw>
<kw name="Input Text" owner="SeleniumLibrary">
<msg time="2026-04-25T21:04:16.332474" level="INFO">Typing text 'João Felipe' into text field 'id:form-nome'.</msg>
<arg>${CAMPO_NOME}</arg>
<arg>${Nome}</arg>
<doc>Types the given ``text`` into the text field identified by ``locator``.</doc>
<status status="PASS" start="2026-04-25T21:04:16.332299" elapsed="0.109680"/>
</kw>
<kw name="Job" owner="FakerLibrary">
<msg time="2026-04-25T21:04:16.442588" level="INFO">${Cargo} = Odontologista estético</msg>
<var>${Cargo}</var>
<status status="PASS" start="2026-04-25T21:04:16.442264" elapsed="0.000374"/>
</kw>
<kw name="Input Text" owner="SeleniumLibrary">
<msg time="2026-04-25T21:04:16.443042" level="INFO">Typing text 'Odontologista estético' into text field 'id:form-cargo'.</msg>
<arg>${CAMPO_CARGO}</arg>
<arg>${Cargo}</arg>
<doc>Types the given ``text`` into the text field identified by ``locator``.</doc>
<status status="PASS" start="2026-04-25T21:04:16.442806" elapsed="0.113772"/>
</kw>
<kw name="Image Url" owner="FakerLibrary">
<msg time="2026-04-25T21:04:16.557192" level="INFO">${Imagem} = https://dummyimage.com/200x100</msg>
<var>${Imagem}</var>
<arg>width=200</arg>
<arg>height=100</arg>
<doc>Returns URL to placeholder image
Example: http://placehold.it/640x480</doc>
<status status="PASS" start="2026-04-25T21:04:16.556838" elapsed="0.000391"/>
</kw>
<kw name="Input Text" owner="SeleniumLibrary">
<msg time="2026-04-25T21:04:16.557646" level="INFO">Typing text 'https://dummyimage.com/200x100' into text field 'id:form-imagem'.</msg>
<arg>${CAMPO_IMAGEM}</arg>
<arg>${Imagem}</arg>
<doc>Types the given ``text`` into the text field identified by ``locator``.</doc>
<status status="PASS" start="2026-04-25T21:04:16.557384" elapsed="0.123300"/>
</kw>
<kw name="Click Element" owner="SeleniumLibrary">
<msg time="2026-04-25T21:04:16.681141" level="INFO">Clicking element 'class:lista-suspensa'.</msg>
<arg>${CAMPO_TIME}</arg>
<doc>Click the element identified by ``locator``.</doc>
<status status="PASS" start="2026-04-25T21:04:16.680908" elapsed="0.080185"/>
</kw>
<kw name="Click Element" owner="SeleniumLibrary">
<msg time="2026-04-25T21:04:16.761561" level="INFO">Clicking element '//option[contains(.,'Programação')]'.</msg>
<arg>${selecionar_time}[0]</arg>
<doc>Click the element identified by ``locator``.</doc>
<status status="PASS" start="2026-04-25T21:04:16.761307" elapsed="0.029953"/>
</kw>
<status status="PASS" start="2026-04-25T21:04:16.331864" elapsed="0.459560"/>
</kw>
<kw name="Click Element" owner="SeleniumLibrary">
<msg time="2026-04-25T21:04:16.791974" level="INFO">Clicking element '//option[contains(.,'Programação')]'.</msg>
<arg>${time}</arg>
<doc>Click the element identified by ``locator``.</doc>
<status status="PASS" start="2026-04-25T21:04:16.791652" elapsed="0.027181"/>
</kw>
<kw name="E clique no botão &quot;Criar Card&quot;" owner="cadastro">
<kw name="Click Element" owner="SeleniumLibrary">
<msg time="2026-04-25T21:04:16.819444" level="INFO">Clicking element 'id:form-botao'.</msg>
<arg>${BOTAO_CARD}</arg>
<doc>Click the element identified by ``locator``.</doc>
<status status="PASS" start="2026-04-25T21:04:16.819275" elapsed="0.082645"/>
</kw>
<status status="PASS" start="2026-04-25T21:04:16.819040" elapsed="0.082988"/>
</kw>
<var name="${indice}">0</var>
<var name="${time}">//option[contains(.,'Programação')]</var>
<status status="PASS" start="2026-04-25T21:04:16.331727" elapsed="0.570335"/>
</iter>
<iter>
<kw name="Dado que eu preencha os campos do formulário" owner="cadastro">
<kw name="First Name" owner="FakerLibrary">
<msg time="2026-04-25T21:04:16.902818" level="INFO">${Nome} = Lavínia</msg>
<var>${Nome}</var>
<status status="PASS" start="2026-04-25T21:04:16.902676" elapsed="0.000169"/>
</kw>
<kw name="Input Text" owner="SeleniumLibrary">
<msg time="2026-04-25T21:04:16.903126" level="INFO">Typing text 'Lavínia' into text field 'id:form-nome'.</msg>
<arg>${CAMPO_NOME}</arg>
<arg>${Nome}</arg>
<doc>Types the given ``text`` into the text field identified by ``locator``.</doc>
<status status="PASS" start="2026-04-25T21:04:16.902943" elapsed="0.085769"/>
</kw>
<kw name="Job" owner="FakerLibrary">
<msg time="2026-04-25T21:04:16.989454" level="INFO">${Cargo} = Matemático</msg>
<var>${Cargo}</var>
<status status="PASS" start="2026-04-25T21:04:16.988966" elapsed="0.000553"/>
</kw>
<kw name="Input Text" owner="SeleniumLibrary">
<msg time="2026-04-25T21:04:16.989946" level="INFO">Typing text 'Matemático' into text field 'id:form-cargo'.</msg>
<arg>${CAMPO_CARGO}</arg>
<arg>${Cargo}</arg>
<doc>Types the given ``text`` into the text field identified by ``locator``.</doc>
<status status="PASS" start="2026-04-25T21:04:16.989695" elapsed="0.090494"/>
</kw>
<kw name="Image Url" owner="FakerLibrary">
<msg time="2026-04-25T21:04:17.080782" level="INFO">${Imagem} = https://picsum.photos/200/100</msg>
<var>${Imagem}</var>
<arg>width=200</arg>
<arg>height=100</arg>
<doc>Returns URL to placeholder image
Example: http://placehold.it/640x480</doc>
<status status="PASS" start="2026-04-25T21:04:17.080412" elapsed="0.000411"/>
</kw>
<kw name="Input Text" owner="SeleniumLibrary">
<msg time="2026-04-25T21:04:17.081255" level="INFO">Typing text 'https://picsum.photos/200/100' into text field 'id:form-imagem'.</msg>
<arg>${CAMPO_IMAGEM}</arg>
<arg>${Imagem}</arg>
<doc>Types the given ``text`` into the text field identified by ``locator``.</doc>
<status status="PASS" start="2026-04-25T21:04:17.080984" elapsed="0.114551"/>
</kw>
<kw name="Click Element" owner="SeleniumLibrary">
<msg time="2026-04-25T21:04:17.196224" level="INFO">Clicking element 'class:lista-suspensa'.</msg>
<arg>${CAMPO_TIME}</arg>
<doc>Click the element identified by ``locator``.</doc>
<status status="PASS" start="2026-04-25T21:04:17.195842" elapsed="0.085119"/>
</kw>
<kw name="Click Element" owner="SeleniumLibrary">
<msg time="2026-04-25T21:04:17.281608" level="INFO">Clicking element '//option[contains(.,'Programação')]'.</msg>
<arg>${selecionar_time}[0]</arg>
<doc>Click the element identified by ``locator``.</doc>
<status status="PASS" start="2026-04-25T21:04:17.281241" elapsed="0.029928"/>
</kw>
<status status="PASS" start="2026-04-25T21:04:16.902381" elapsed="0.408970"/>
</kw>
<kw name="Click Element" owner="SeleniumLibrary">
<msg time="2026-04-25T21:04:17.311828" level="INFO">Clicking element '//option[contains(.,'Front-End')]'.</msg>
<arg>${time}</arg>
<doc>Click the element identified by ``locator``.</doc>
<status status="PASS" start="2026-04-25T21:04:17.311580" elapsed="0.028833"/>
</kw>
<kw name="E clique no botão &quot;Criar Card&quot;" owner="cadastro">
<kw name="Click Element" owner="SeleniumLibrary">
<msg time="2026-04-25T21:04:17.341159" level="INFO">Clicking element 'id:form-botao'.</msg>
<arg>${BOTAO_CARD}</arg>
<doc>Click the element identified by ``locator``.</doc>
<status status="PASS" start="2026-04-25T21:04:17.340977" elapsed="0.069543"/>
</kw>
<status status="PASS" start="2026-04-25T21:04:17.340749" elapsed="0.069893"/>
</kw>
<var name="${indice}">1</var>
<var name="${time}">//option[contains(.,'Front-End')]</var>
<status status="PASS" start="2026-04-25T21:04:16.902218" elapsed="0.508470"/>
</iter>
<iter>
<kw name="Dado que eu preencha os campos do formulário" owner="cadastro">
<kw name="First Name" owner="FakerLibrary">
<msg time="2026-04-25T21:04:17.411368" level="INFO">${Nome} = Larissa</msg>
<var>${Nome}</var>
<status status="PASS" start="2026-04-25T21:04:17.411227" elapsed="0.000168"/>
</kw>
<kw name="Input Text" owner="SeleniumLibrary">
<msg time="2026-04-25T21:04:17.411676" level="INFO">Typing text 'Larissa' into text field 'id:form-nome'.</msg>
<arg>${CAMPO_NOME}</arg>
<arg>${Nome}</arg>
<doc>Types the given ``text`` into the text field identified by ``locator``.</doc>
<status status="PASS" start="2026-04-25T21:04:17.411492" elapsed="0.087938"/>
</kw>
<kw name="Job" owner="FakerLibrary">
<msg time="2026-04-25T21:04:17.499902" level="INFO">${Cargo} = Sexólogo</msg>
<var>${Cargo}</var>
<status status="PASS" start="2026-04-25T21:04:17.499644" elapsed="0.000296"/>
</kw>
<kw name="Input Text" owner="SeleniumLibrary">
<msg time="2026-04-25T21:04:17.500266" level="INFO">Typing text 'Sexólogo' into text field 'id:form-cargo'.</msg>
<arg>${CAMPO_CARGO}</arg>
<arg>${Cargo}</arg>
<doc>Types the given ``text`` into the text field identified by ``locator``.</doc>
<status status="PASS" start="2026-04-25T21:04:17.500064" elapsed="0.085522"/>
</kw>
<kw name="Image Url" owner="FakerLibrary">
<msg time="2026-04-25T21:04:17.586183" level="INFO">${Imagem} = https://picsum.photos/200/100</msg>
<var>${Imagem}</var>
<arg>width=200</arg>
<arg>height=100</arg>
<doc>Returns URL to placeholder image
Example: http://placehold.it/640x480</doc>
<status status="PASS" start="2026-04-25T21:04:17.585815" elapsed="0.000397"/>
</kw>
<kw name="Input Text" owner="SeleniumLibrary">
<msg time="2026-04-25T21:04:17.586524" level="INFO">Typing text 'https://picsum.photos/200/100' into text field 'id:form-imagem'.</msg>
<arg>${CAMPO_IMAGEM}</arg>
<arg>${Imagem}</arg>
<doc>Types the given ``text`` into the text field identified by ``locator``.</doc>
<status status="PASS" start="2026-04-25T21:04:17.586342" elapsed="0.111795"/>
</kw>
<kw name="Click Element" owner="SeleniumLibrary">
<msg time="2026-04-25T21:04:17.698729" level="INFO">Clicking element 'class:lista-suspensa'.</msg>
<arg>${CAMPO_TIME}</arg>
<doc>Click the element identified by ``locator``.</doc>
<status status="PASS" start="2026-04-25T21:04:17.698446" elapsed="0.076887"/>
</kw>
<kw name="Click Element" owner="SeleniumLibrary">
<msg time="2026-04-25T21:04:17.775798" level="INFO">Clicking element '//option[contains(.,'Programação')]'.</msg>
<arg>${selecionar_time}[0]</arg>
<doc>Click the element identified by ``locator``.</doc>
<status status="PASS" start="2026-04-25T21:04:17.775537" elapsed="0.031000"/>
</kw>
<status status="PASS" start="2026-04-25T21:04:17.411027" elapsed="0.395683"/>
</kw>
<kw name="Click Element" owner="SeleniumLibrary">
<msg time="2026-04-25T21:04:17.807082" level="INFO">Clicking element '//option[contains(.,'Data Science')]'.</msg>
<arg>${time}</arg>
<doc>Click the element identified by ``locator``.</doc>
<status status="PASS" start="2026-04-25T21:04:17.806854" elapsed="0.028566"/>
</kw>
<kw name="E clique no botão &quot;Criar Card&quot;" owner="cadastro">
<kw name="Click Element" owner="SeleniumLibrary">
<msg time="2026-04-25T21:04:17.836167" level="INFO">Clicking element 'id:form-botao'.</msg>
<arg>${BOTAO_CARD}</arg>
<doc>Click the element identified by ``locator``.</doc>
<status status="PASS" start="2026-04-25T21:04:17.835995" elapsed="0.066060"/>
</kw>
<status status="PASS" start="2026-04-25T21:04:17.835734" elapsed="0.066428"/>
</kw>
<var name="${indice}">2</var>
<var name="${time}">//option[contains(.,'Data Science')]</var>
<status status="PASS" start="2026-04-25T21:04:17.410865" elapsed="0.491330"/>
</iter>
<iter>
<kw name="Dado que eu preencha os campos do formulário" owner="cadastro">
<kw name="First Name" owner="FakerLibrary">
<msg time="2026-04-25T21:04:17.902844" level="INFO">${Nome} = Lorenzo</msg>
<var>${Nome}</var>
<status status="PASS" start="2026-04-25T21:04:17.902707" elapsed="0.000163"/>
</kw>
<kw name="Input Text" owner="SeleniumLibrary">
<msg time="2026-04-25T21:04:17.903158" level="INFO">Typing text 'Lorenzo' into text field 'id:form-nome'.</msg>
<arg>${CAMPO_NOME}</arg>
<arg>${Nome}</arg>
<doc>Types the given ``text`` into the text field identified by ``locator``.</doc>
<status status="PASS" start="2026-04-25T21:04:17.902977" elapsed="0.086826"/>
</kw>
<kw name="Job" owner="FakerLibrary">
<msg time="2026-04-25T21:04:17.990351" level="INFO">${Cargo} = Programador</msg>
<var>${Cargo}</var>
<status status="PASS" start="2026-04-25T21:04:17.990138" elapsed="0.000241"/>
</kw>
<kw name="Input Text" owner="SeleniumLibrary">
<msg time="2026-04-25T21:04:17.990665" level="INFO">Typing text 'Programador' into text field 'id:form-cargo'.</msg>
<arg>${CAMPO_CARGO}</arg>
<arg>${Cargo}</arg>
<doc>Types the given ``text`` into the text field identified by ``locator``.</doc>
<status status="PASS" start="2026-04-25T21:04:17.990477" elapsed="0.088071"/>
</kw>
<kw name="Image Url" owner="FakerLibrary">
<msg time="2026-04-25T21:04:18.079022" level="INFO">${Imagem} = https://picsum.photos/200/100</msg>
<var>${Imagem}</var>
<arg>width=200</arg>
<arg>height=100</arg>
<doc>Returns URL to placeholder image
Example: http://placehold.it/640x480</doc>
<status status="PASS" start="2026-04-25T21:04:18.078745" elapsed="0.000304"/>
</kw>
<kw name="Input Text" owner="SeleniumLibrary">
<msg time="2026-04-25T21:04:18.079330" level="INFO">Typing text 'https://picsum.photos/200/100' into text field 'id:form-imagem'.</msg>
<arg>${CAMPO_IMAGEM}</arg>
<arg>${Imagem}</arg>
<doc>Types the given ``text`` into the text field identified by ``locator``.</doc>
<status status="PASS" start="2026-04-25T21:04:18.079150" elapsed="0.108481"/>
</kw>
<kw name="Click Element" owner="SeleniumLibrary">
<msg time="2026-04-25T21:04:18.188336" level="INFO">Clicking element 'class:lista-suspensa'.</msg>
<arg>${CAMPO_TIME}</arg>
<doc>Click the element identified by ``locator``.</doc>
<status status="PASS" start="2026-04-25T21:04:18.187951" elapsed="0.085035"/>
</kw>
<kw name="Click Element" owner="SeleniumLibrary">
<msg time="2026-04-25T21:04:18.273411" level="INFO">Clicking element '//option[contains(.,'Programação')]'.</msg>
<arg>${selecionar_time}[0]</arg>
<doc>Click the element identified by ``locator``.</doc>
<status status="PASS" start="2026-04-25T21:04:18.273159" elapsed="0.030117"/>
</kw>
<status status="PASS" start="2026-04-25T21:04:17.902499" elapsed="0.400895"/>
</kw>
<kw name="Click Element" owner="SeleniumLibrary">
<msg time="2026-04-25T21:04:18.303795" level="INFO">Clicking element '//option[contains(.,'Devops')]'.</msg>
<arg>${time}</arg>
<doc>Click the element identified by ``locator``.</doc>
<status status="PASS" start="2026-04-25T21:04:18.303533" elapsed="0.044316"/>
</kw>
<kw name="E clique no botão &quot;Criar Card&quot;" owner="cadastro">
<kw name="Click Element" owner="SeleniumLibrary">
<msg time="2026-04-25T21:04:18.348626" level="INFO">Clicking element 'id:form-botao'.</msg>
<arg>${BOTAO_CARD}</arg>
<doc>Click the element identified by ``locator``.</doc>
<status status="PASS" start="2026-04-25T21:04:18.348406" elapsed="0.073133"/>
</kw>
<status status="PASS" start="2026-04-25T21:04:18.348089" elapsed="0.073624"/>
</kw>
<var name="${indice}">3</var>
<var name="${time}">//option[contains(.,'Devops')]</var>
<status status="PASS" start="2026-04-25T21:04:17.902342" elapsed="0.519439"/>
</iter>
<iter>
<kw name="Dado que eu preencha os campos do formulário" owner="cadastro">
<kw name="First Name" owner="FakerLibrary">
<msg time="2026-04-25T21:04:18.422459" level="INFO">${Nome} = Melina</msg>
<var>${Nome}</var>
<status status="PASS" start="2026-04-25T21:04:18.422325" elapsed="0.000159"/>
</kw>
<kw name="Input Text" owner="SeleniumLibrary">
<msg time="2026-04-25T21:04:18.422773" level="INFO">Typing text 'Melina' into text field 'id:form-nome'.</msg>
<arg>${CAMPO_NOME}</arg>
<arg>${Nome}</arg>
<doc>Types the given ``text`` into the text field identified by ``locator``.</doc>
<status status="PASS" start="2026-04-25T21:04:18.422576" elapsed="0.082285"/>
</kw>
<kw name="Job" owner="FakerLibrary">
<msg time="2026-04-25T21:04:18.505237" level="INFO">${Cargo} = Figurinista</msg>
<var>${Cargo}</var>
<status status="PASS" start="2026-04-25T21:04:18.505037" elapsed="0.000227"/>
</kw>
<kw name="Input Text" owner="SeleniumLibrary">
<msg time="2026-04-25T21:04:18.505566" level="INFO">Typing text 'Figurinista' into text field 'id:form-cargo'.</msg>
<arg>${CAMPO_CARGO}</arg>
<arg>${Cargo}</arg>
<doc>Types the given ``text`` into the text field identified by ``locator``.</doc>
<status status="PASS" start="2026-04-25T21:04:18.505363" elapsed="0.083944"/>
</kw>
<kw name="Image Url" owner="FakerLibrary">
<msg time="2026-04-25T21:04:18.589987" level="INFO">${Imagem} = https://placekittens.com/200/100</msg>
<var>${Imagem}</var>
<arg>width=200</arg>
<arg>height=100</arg>
<doc>Returns URL to placeholder image
Example: http://placehold.it/640x480</doc>
<status status="PASS" start="2026-04-25T21:04:18.589568" elapsed="0.000468"/>
</kw>
<kw name="Input Text" owner="SeleniumLibrary">
<msg time="2026-04-25T21:04:18.590509" level="INFO">Typing text 'https://placekittens.com/200/100' into text field 'id:form-imagem'.</msg>
<arg>${CAMPO_IMAGEM}</arg>
<arg>${Imagem}</arg>
<doc>Types the given ``text`` into the text field identified by ``locator``.</doc>
<status status="PASS" start="2026-04-25T21:04:18.590219" elapsed="0.109532"/>
</kw>
<kw name="Click Element" owner="SeleniumLibrary">
<msg time="2026-04-25T21:04:18.700221" level="INFO">Clicking element 'class:lista-suspensa'.</msg>
<arg>${CAMPO_TIME}</arg>
<doc>Click the element identified by ``locator``.</doc>
<status status="PASS" start="2026-04-25T21:04:18.699976" elapsed="0.076187"/>
</kw>
<kw name="Click Element" owner="SeleniumLibrary">
<msg time="2026-04-25T21:04:18.776878" level="INFO">Clicking element '//option[contains(.,'Programação')]'.</msg>
<arg>${selecionar_time}[0]</arg>
<doc>Click the element identified by ``locator``.</doc>
<status status="PASS" start="2026-04-25T21:04:18.776474" elapsed="0.031124"/>
</kw>
<status status="PASS" start="2026-04-25T21:04:18.422123" elapsed="0.385661"/>
</kw>
<kw name="Click Element" owner="SeleniumLibrary">
<msg time="2026-04-25T21:04:18.808217" level="INFO">Clicking element '//option[contains(.,'UX e Design')]'.</msg>
<arg>${time}</arg>
<doc>Click the element identified by ``locator``.</doc>
<status status="PASS" start="2026-04-25T21:04:18.807975" elapsed="0.029367"/>
</kw>
<kw name="E clique no botão &quot;Criar Card&quot;" owner="cadastro">
<kw name="Click Element" owner="SeleniumLibrary">
<msg time="2026-04-25T21:04:18.838287" level="INFO">Clicking element 'id:form-botao'.</msg>
<arg>${BOTAO_CARD}</arg>
<doc>Click the element identified by ``locator``.</doc>
<status status="PASS" start="2026-04-25T21:04:18.838070" elapsed="0.063659"/>
</kw>
<status status="PASS" start="2026-04-25T21:04:18.837746" elapsed="0.064089"/>
</kw>
<var name="${indice}">4</var>
<var name="${time}">//option[contains(.,'UX e Design')]</var>
<status status="PASS" start="2026-04-25T21:04:18.421938" elapsed="0.479929"/>
</iter>
<iter>
<kw name="Dado que eu preencha os campos do formulário" owner="cadastro">
<kw name="First Name" owner="FakerLibrary">
<msg time="2026-04-25T21:04:18.902506" level="INFO">${Nome} = José Miguel</msg>
<var>${Nome}</var>
<status status="PASS" start="2026-04-25T21:04:18.902366" elapsed="0.000166"/>
</kw>
<kw name="Input Text" owner="SeleniumLibrary">
<msg time="2026-04-25T21:04:18.902800" level="INFO">Typing text 'José Miguel' into text field 'id:form-nome'.</msg>
<arg>${CAMPO_NOME}</arg>
<arg>${Nome}</arg>
<doc>Types the given ``text`` into the text field identified by ``locator``.</doc>
<status status="PASS" start="2026-04-25T21:04:18.902623" elapsed="0.099703"/>
</kw>
<kw name="Job" owner="FakerLibrary">
<msg time="2026-04-25T21:04:19.002837" level="INFO">${Cargo} = Eletricista</msg>
<var>${Cargo}</var>
<status status="PASS" start="2026-04-25T21:04:19.002559" elapsed="0.000322"/>
</kw>
<kw name="Input Text" owner="SeleniumLibrary">
<msg time="2026-04-25T21:04:19.003268" level="INFO">Typing text 'Eletricista' into text field 'id:form-cargo'.</msg>
<arg>${CAMPO_CARGO}</arg>
<arg>${Cargo}</arg>
<doc>Types the given ``text`` into the text field identified by ``locator``.</doc>
<status status="PASS" start="2026-04-25T21:04:19.003032" elapsed="0.096847"/>
</kw>
<kw name="Image Url" owner="FakerLibrary">
<msg time="2026-04-25T21:04:19.100723" level="INFO">${Imagem} = https://placekittens.com/200/100</msg>
<var>${Imagem}</var>
<arg>width=200</arg>
<arg>height=100</arg>
<doc>Returns URL to placeholder image
Example: http://placehold.it/640x480</doc>
<status status="PASS" start="2026-04-25T21:04:19.100363" elapsed="0.000389"/>
</kw>
<kw name="Input Text" owner="SeleniumLibrary">
<msg time="2026-04-25T21:04:19.101069" level="INFO">Typing text 'https://placekittens.com/200/100' into text field 'id:form-imagem'.</msg>
<arg>${CAMPO_IMAGEM}</arg>
<arg>${Imagem}</arg>
<doc>Types the given ``text`` into the text field identified by ``locator``.</doc>
<status status="PASS" start="2026-04-25T21:04:19.100861" elapsed="0.106899"/>
</kw>
<kw name="Click Element" owner="SeleniumLibrary">
<msg time="2026-04-25T21:04:19.208174" level="INFO">Clicking element 'class:lista-suspensa'.</msg>
<arg>${CAMPO_TIME}</arg>
<doc>Click the element identified by ``locator``.</doc>
<status status="PASS" start="2026-04-25T21:04:19.207950" elapsed="0.074440"/>
</kw>
<kw name="Click Element" owner="SeleniumLibrary">
<msg time="2026-04-25T21:04:19.283106" level="INFO">Clicking element '//option[contains(.,'Programação')]'.</msg>
<arg>${selecionar_time}[0]</arg>
<doc>Click the element identified by ``locator``.</doc>
<status status="PASS" start="2026-04-25T21:04:19.282704" elapsed="0.028323"/>
</kw>
<status status="PASS" start="2026-04-25T21:04:18.902169" elapsed="0.408987"/>
</kw>
<kw name="Click Element" owner="SeleniumLibrary">
<msg time="2026-04-25T21:04:19.311554" level="INFO">Clicking element '//option[contains(.,'Mobile')]'.</msg>
<arg>${time}</arg>
<doc>Click the element identified by ``locator``.</doc>
<status status="PASS" start="2026-04-25T21:04:19.311291" elapsed="0.029056"/>
</kw>
<kw name="E clique no botão &quot;Criar Card&quot;" owner="cadastro">
<kw name="Click Element" owner="SeleniumLibrary">
<msg time="2026-04-25T21:04:19.341107" level="INFO">Clicking element 'id:form-botao'.</msg>
<arg>${BOTAO_CARD}</arg>
<doc>Click the element identified by ``locator``.</doc>
<status status="PASS" start="2026-04-25T21:04:19.340937" elapsed="0.061528"/>
</kw>
<status status="PASS" start="2026-04-25T21:04:19.340683" elapsed="0.061888"/>
</kw>
<var name="${indice}">5</var>
<var name="${time}">//option[contains(.,'Mobile')]</var>
<status status="PASS" start="2026-04-25T21:04:18.902010" elapsed="0.500596"/>
</iter>
<iter>
<kw name="Dado que eu preencha os campos do formulário" owner="cadastro">
<kw name="First Name" owner="FakerLibrary">
<msg time="2026-04-25T21:04:19.403247" level="INFO">${Nome} = Ayla</msg>
<var>${Nome}</var>
<status status="PASS" start="2026-04-25T21:04:19.403111" elapsed="0.000161"/>
</kw>
<kw name="Input Text" owner="SeleniumLibrary">
<msg time="2026-04-25T21:04:19.403542" level="INFO">Typing text 'Ayla' into text field 'id:form-nome'.</msg>
<arg>${CAMPO_NOME}</arg>
<arg>${Nome}</arg>
<doc>Types the given ``text`` into the text field identified by ``locator``.</doc>
<status status="PASS" start="2026-04-25T21:04:19.403364" elapsed="0.076701"/>
</kw>
<kw name="Job" owner="FakerLibrary">
<msg time="2026-04-25T21:04:19.480472" level="INFO">${Cargo} = Diplomata</msg>
<var>${Cargo}</var>
<status status="PASS" start="2026-04-25T21:04:19.480260" elapsed="0.000240"/>
</kw>
<kw name="Input Text" owner="SeleniumLibrary">
<msg time="2026-04-25T21:04:19.480800" level="INFO">Typing text 'Diplomata' into text field 'id:form-cargo'.</msg>
<arg>${CAMPO_CARGO}</arg>
<arg>${Cargo}</arg>
<doc>Types the given ``text`` into the text field identified by ``locator``.</doc>
<status status="PASS" start="2026-04-25T21:04:19.480603" elapsed="0.081111"/>
</kw>
<kw name="Image Url" owner="FakerLibrary">
<msg time="2026-04-25T21:04:19.562287" level="INFO">${Imagem} = https://dummyimage.com/200x100</msg>
<var>${Imagem}</var>
<arg>width=200</arg>
<arg>height=100</arg>
<doc>Returns URL to placeholder image
Example: http://placehold.it/640x480</doc>
<status status="PASS" start="2026-04-25T21:04:19.561969" elapsed="0.000352"/>
</kw>
<kw name="Input Text" owner="SeleniumLibrary">
<msg time="2026-04-25T21:04:19.562617" level="INFO">Typing text 'https://dummyimage.com/200x100' into text field 'id:form-imagem'.</msg>
<arg>${CAMPO_IMAGEM}</arg>
<arg>${Imagem}</arg>
<doc>Types the given ``text`` into the text field identified by ``locator``.</doc>
<status status="PASS" start="2026-04-25T21:04:19.562436" elapsed="0.114719"/>
</kw>
<kw name="Click Element" owner="SeleniumLibrary">
<msg time="2026-04-25T21:04:19.677568" level="INFO">Clicking element 'class:lista-suspensa'.</msg>
<arg>${CAMPO_TIME}</arg>
<doc>Click the element identified by ``locator``.</doc>
<status status="PASS" start="2026-04-25T21:04:19.677345" elapsed="0.079640"/>
</kw>
<kw name="Click Element" owner="SeleniumLibrary">
<msg time="2026-04-25T21:04:19.757413" level="INFO">Clicking element '//option[contains(.,'Programação')]'.</msg>
<arg>${selecionar_time}[0]</arg>
<doc>Click the element identified by ``locator``.</doc>
<status status="PASS" start="2026-04-25T21:04:19.757160" elapsed="0.030118"/>
</kw>
<status status="PASS" start="2026-04-25T21:04:19.402916" elapsed="0.384468"/>
</kw>
<kw name="Click Element" owner="SeleniumLibrary">
<msg time="2026-04-25T21:04:19.787719" level="INFO">Clicking element '//option[contains(.,'Inovação')]'.</msg>
<arg>${time}</arg>
<doc>Click the element identified by ``locator``.</doc>
<status status="PASS" start="2026-04-25T21:04:19.787511" elapsed="0.028995"/>
</kw>
<kw name="E clique no botão &quot;Criar Card&quot;" owner="cadastro">
<kw name="Click Element" owner="SeleniumLibrary">
<msg time="2026-04-25T21:04:19.817235" level="INFO">Clicking element 'id:form-botao'.</msg>
<arg>${BOTAO_CARD}</arg>
<doc>Click the element identified by ``locator``.</doc>
<status status="PASS" start="2026-04-25T21:04:19.817018" elapsed="0.068100"/>
</kw>
<status status="PASS" start="2026-04-25T21:04:19.816742" elapsed="0.068493"/>
</kw>
<var name="${indice}">6</var>
<var name="${time}">//option[contains(.,'Inovação')]</var>
<status status="PASS" start="2026-04-25T21:04:19.402755" elapsed="0.482513"/>
</iter>
<var>${indice}</var>
<var>${time}</var>
<value>@{selecionar_time}</value>
<status status="PASS" start="2026-04-25T21:04:16.331558" elapsed="3.553766"/>
</for>
<kw name="Sleep" owner="BuiltIn">
<msg time="2026-04-25T21:04:29.885912" level="INFO">Slept 10 seconds.</msg>
<arg>10s</arg>
<doc>Pauses the test executed for the given time.</doc>
<status status="PASS" start="2026-04-25T21:04:19.885466" elapsed="10.000568"/>
</kw>
<status status="PASS" start="2026-04-25T21:04:16.331338" elapsed="13.554793"/>
</kw>
<kw name="Fechar o navegador" owner="setup_teardown" type="TEARDOWN">
<kw name="Close Browser" owner="SeleniumLibrary">
<doc>Closes the current browser.</doc>
<status status="PASS" start="2026-04-25T21:04:29.887247" elapsed="2.171343"/>
</kw>
<status status="PASS" start="2026-04-25T21:04:29.886886" elapsed="2.171832"/>
</kw>
<status status="PASS" start="2026-04-25T21:04:14.603822" elapsed="17.455255"/>
</test>
<status status="PASS" start="2026-04-25T21:03:54.902090" elapsed="37.158284"/>
</suite>
<statistics>
<total>
<stat pass="3" fail="0" skip="0">All Tests</stat>
</total>
<tag>
</tag>
<suite>
<stat name="Preenchimento Correto" id="s1" pass="3" fail="0" skip="0">Preenchimento Correto</stat>
</suite>
</statistics>
<errors>
</errors>
</robot>
